::1 - - [23/Feb/2022:08:16:12 +0000] "GET / HTTP/1.1" 200 - "-" "Mozilla/5.0 (Windows NT 10.0; Win64; x64) AppleWebKit/537.36 (KHTML, like Gecko) Chrome/98.0.4758.102 Safari/537.36"
::1 - - [23/Feb/2022:08:16:13 +0000] "GET /css/product.css HTTP/1.1" 200 405 "-" "Mozilla/5.0 (Windows NT 10.0; Win64; x64) AppleWebKit/537.36 (KHTML, like Gecko) Chrome/98.0.4758.102 Safari/537.36"
::1 - - [23/Feb/2022:08:16:13 +0000] "GET /css/main.css HTTP/1.1" 200 - "-" "Mozilla/5.0 (Windows NT 10.0; Win64; x64) AppleWebKit/537.36 (KHTML, like Gecko) Chrome/98.0.4758.102 Safari/537.36"
::1 - - [23/Feb/2022:08:16:13 +0000] "GET /js/main.js HTTP/1.1" 200 535 "-" "Mozilla/5.0 (Windows NT 10.0; Win64; x64) AppleWebKit/537.36 (KHTML, like Gecko) Chrome/98.0.4758.102 Safari/537.36"
::1 - - [23/Feb/2022:08:16:13 +0000] "GET /images/1644596347149-hot-girl-Nam-%C4%90%E1%BB%8Bnh.jpg HTTP/1.1" 200 65793 "-" "Mozilla/5.0 (Windows NT 10.0; Win64; x64) AppleWebKit/537.36 (KHTML, like Gecko) Chrome/98.0.4758.102 Safari/537.36"
::1 - - [23/Feb/2022:08:16:13 +0000] "GET /images/1644627517719-tumblr_54010f0e224d74828bc79f86e3675e5a_cb1e4b18_1280.jpg HTTP/1.1" 200 110719 "-" "Mozilla/5.0 (Windows NT 10.0; Win64; x64) AppleWebKit/537.36 (KHTML, like Gecko) Chrome/98.0.4758.102 Safari/537.36"
::1 - - [23/Feb/2022:08:16:14 +0000] "GET /favicon.ico HTTP/1.1" 404 - "-" "Mozilla/5.0 (Windows NT 10.0; Win64; x64) AppleWebKit/537.36 (KHTML, like Gecko) Chrome/98.0.4758.102 Safari/537.36"
::1 - - [23/Feb/2022:08:16:16 +0000] "GET /login HTTP/1.1" 200 - "-" "Mozilla/5.0 (Windows NT 10.0; Win64; x64) AppleWebKit/537.36 (KHTML, like Gecko) Chrome/98.0.4758.102 Safari/537.36"
::1 - - [23/Feb/2022:08:16:16 +0000] "GET /css/main.css HTTP/1.1" 304 - "-" "Mozilla/5.0 (Windows NT 10.0; Win64; x64) AppleWebKit/537.36 (KHTML, like Gecko) Chrome/98.0.4758.102 Safari/537.36"
::1 - - [23/Feb/2022:08:16:16 +0000] "GET /css/forms.css HTTP/1.1" 200 438 "-" "Mozilla/5.0 (Windows NT 10.0; Win64; x64) AppleWebKit/537.36 (KHTML, like Gecko) Chrome/98.0.4758.102 Safari/537.36"
::1 - - [23/Feb/2022:08:16:16 +0000] "GET /css/auth.css HTTP/1.1" 200 95 "-" "Mozilla/5.0 (Windows NT 10.0; Win64; x64) AppleWebKit/537.36 (KHTML, like Gecko) Chrome/98.0.4758.102 Safari/537.36"
::1 - - [23/Feb/2022:08:16:16 +0000] "GET /js/main.js HTTP/1.1" 304 - "-" "Mozilla/5.0 (Windows NT 10.0; Win64; x64) AppleWebKit/537.36 (KHTML, like Gecko) Chrome/98.0.4758.102 Safari/537.36"
::1 - - [23/Feb/2022:08:16:19 +0000] "POST /login HTTP/1.1" 302 56 "-" "Mozilla/5.0 (Windows NT 10.0; Win64; x64) AppleWebKit/537.36 (KHTML, like Gecko) Chrome/98.0.4758.102 Safari/537.36"
::1 - - [23/Feb/2022:08:16:20 +0000] "GET /login HTTP/1.1" 200 - "-" "Mozilla/5.0 (Windows NT 10.0; Win64; x64) AppleWebKit/537.36 (KHTML, like Gecko) Chrome/98.0.4758.102 Safari/537.36"
::1 - - [23/Feb/2022:08:16:20 +0000] "GET /css/main.css HTTP/1.1" 304 - "-" "Mozilla/5.0 (Windows NT 10.0; Win64; x64) AppleWebKit/537.36 (KHTML, like Gecko) Chrome/98.0.4758.102 Safari/537.36"
::1 - - [23/Feb/2022:08:16:20 +0000] "GET /css/forms.css HTTP/1.1" 304 - "-" "Mozilla/5.0 (Windows NT 10.0; Win64; x64) AppleWebKit/537.36 (KHTML, like Gecko) Chrome/98.0.4758.102 Safari/537.36"
::1 - - [23/Feb/2022:08:16:20 +0000] "GET /css/auth.css HTTP/1.1" 304 - "-" "Mozilla/5.0 (Windows NT 10.0; Win64; x64) AppleWebKit/537.36 (KHTML, like Gecko) Chrome/98.0.4758.102 Safari/537.36"
::1 - - [23/Feb/2022:08:16:20 +0000] "GET /js/main.js HTTP/1.1" 304 - "-" "Mozilla/5.0 (Windows NT 10.0; Win64; x64) AppleWebKit/537.36 (KHTML, like Gecko) Chrome/98.0.4758.102 Safari/537.36"
::1 - - [23/Feb/2022:08:16:24 +0000] "POST /login HTTP/1.1" 302 46 "-" "Mozilla/5.0 (Windows NT 10.0; Win64; x64) AppleWebKit/537.36 (KHTML, like Gecko) Chrome/98.0.4758.102 Safari/537.36"
::1 - - [23/Feb/2022:08:16:24 +0000] "GET / HTTP/1.1" 200 - "-" "Mozilla/5.0 (Windows NT 10.0; Win64; x64) AppleWebKit/537.36 (KHTML, like Gecko) Chrome/98.0.4758.102 Safari/537.36"
::1 - - [23/Feb/2022:08:16:24 +0000] "GET /css/main.css HTTP/1.1" 304 - "-" "Mozilla/5.0 (Windows NT 10.0; Win64; x64) AppleWebKit/537.36 (KHTML, like Gecko) Chrome/98.0.4758.102 Safari/537.36"
::1 - - [23/Feb/2022:08:16:24 +0000] "GET /css/product.css HTTP/1.1" 304 - "-" "Mozilla/5.0 (Windows NT 10.0; Win64; x64) AppleWebKit/537.36 (KHTML, like Gecko) Chrome/98.0.4758.102 Safari/537.36"
::1 - - [23/Feb/2022:08:16:24 +0000] "GET /js/main.js HTTP/1.1" 304 - "-" "Mozilla/5.0 (Windows NT 10.0; Win64; x64) AppleWebKit/537.36 (KHTML, like Gecko) Chrome/98.0.4758.102 Safari/537.36"
::1 - - [23/Feb/2022:08:16:24 +0000] "GET /images/1644596347149-hot-girl-Nam-%C4%90%E1%BB%8Bnh.jpg HTTP/1.1" 304 - "-" "Mozilla/5.0 (Windows NT 10.0; Win64; x64) AppleWebKit/537.36 (KHTML, like Gecko) Chrome/98.0.4758.102 Safari/537.36"
::1 - - [23/Feb/2022:08:16:24 +0000] "GET /images/1644627517719-tumblr_54010f0e224d74828bc79f86e3675e5a_cb1e4b18_1280.jpg HTTP/1.1" 304 - "-" "Mozilla/5.0 (Windows NT 10.0; Win64; x64) AppleWebKit/537.36 (KHTML, like Gecko) Chrome/98.0.4758.102 Safari/537.36"
::1 - - [23/Feb/2022:08:16:29 +0000] "GET /?page=2 HTTP/1.1" 200 - "-" "Mozilla/5.0 (Windows NT 10.0; Win64; x64) AppleWebKit/537.36 (KHTML, like Gecko) Chrome/98.0.4758.102 Safari/537.36"
::1 - - [23/Feb/2022:08:16:29 +0000] "GET /css/main.css HTTP/1.1" 304 - "-" "Mozilla/5.0 (Windows NT 10.0; Win64; x64) AppleWebKit/537.36 (KHTML, like Gecko) Chrome/98.0.4758.102 Safari/537.36"
::1 - - [23/Feb/2022:08:16:29 +0000] "GET /css/product.css HTTP/1.1" 304 - "-" "Mozilla/5.0 (Windows NT 10.0; Win64; x64) AppleWebKit/537.36 (KHTML, like Gecko) Chrome/98.0.4758.102 Safari/537.36"
::1 - - [23/Feb/2022:08:16:29 +0000] "GET /js/main.js HTTP/1.1" 304 - "-" "Mozilla/5.0 (Windows NT 10.0; Win64; x64) AppleWebKit/537.36 (KHTML, like Gecko) Chrome/98.0.4758.102 Safari/537.36"
::1 - - [23/Feb/2022:08:16:29 +0000] "GET /images/1644628011373-ee09ca256ee805b0640725fe4e8a91c7.jpg HTTP/1.1" 200 305967 "-" "Mozilla/5.0 (Windows NT 10.0; Win64; x64) AppleWebKit/537.36 (KHTML, like Gecko) Chrome/98.0.4758.102 Safari/537.36"
::1 - - [23/Feb/2022:08:16:29 +0000] "GET /images/1644634267647-nemo-nguyen.jpg HTTP/1.1" 200 734755 "-" "Mozilla/5.0 (Windows NT 10.0; Win64; x64) AppleWebKit/537.36 (KHTML, like Gecko) Chrome/98.0.4758.102 Safari/537.36"
::1 - - [23/Feb/2022:08:16:32 +0000] "GET /?page=3 HTTP/1.1" 200 - "-" "Mozilla/5.0 (Windows NT 10.0; Win64; x64) AppleWebKit/537.36 (KHTML, like Gecko) Chrome/98.0.4758.102 Safari/537.36"
::1 - - [23/Feb/2022:08:16:32 +0000] "GET /css/main.css HTTP/1.1" 304 - "-" "Mozilla/5.0 (Windows NT 10.0; Win64; x64) AppleWebKit/537.36 (KHTML, like Gecko) Chrome/98.0.4758.102 Safari/537.36"
::1 - - [23/Feb/2022:08:16:32 +0000] "GET /css/product.css HTTP/1.1" 304 - "-" "Mozilla/5.0 (Windows NT 10.0; Win64; x64) AppleWebKit/537.36 (KHTML, like Gecko) Chrome/98.0.4758.102 Safari/537.36"
::1 - - [23/Feb/2022:08:16:32 +0000] "GET /js/main.js HTTP/1.1" 304 - "-" "Mozilla/5.0 (Windows NT 10.0; Win64; x64) AppleWebKit/537.36 (KHTML, like Gecko) Chrome/98.0.4758.102 Safari/537.36"
::1 - - [23/Feb/2022:08:16:32 +0000] "GET /images/1644634458270-phanhang.jpg HTTP/1.1" 200 84797 "-" "Mozilla/5.0 (Windows NT 10.0; Win64; x64) AppleWebKit/537.36 (KHTML, like Gecko) Chrome/98.0.4758.102 Safari/537.36"
::1 - - [23/Feb/2022:08:16:32 +0000] "GET /images/1644900171373-a61.jpg HTTP/1.1" 200 167674 "-" "Mozilla/5.0 (Windows NT 10.0; Win64; x64) AppleWebKit/537.36 (KHTML, like Gecko) Chrome/98.0.4758.102 Safari/537.36"
::1 - - [23/Feb/2022:08:16:35 +0000] "GET /?page=4 HTTP/1.1" 200 - "-" "Mozilla/5.0 (Windows NT 10.0; Win64; x64) AppleWebKit/537.36 (KHTML, like Gecko) Chrome/98.0.4758.102 Safari/537.36"
::1 - - [23/Feb/2022:08:16:35 +0000] "GET /css/main.css HTTP/1.1" 304 - "-" "Mozilla/5.0 (Windows NT 10.0; Win64; x64) AppleWebKit/537.36 (KHTML, like Gecko) Chrome/98.0.4758.102 Safari/537.36"
::1 - - [23/Feb/2022:08:16:35 +0000] "GET /css/product.css HTTP/1.1" 304 - "-" "Mozilla/5.0 (Windows NT 10.0; Win64; x64) AppleWebKit/537.36 (KHTML, like Gecko) Chrome/98.0.4758.102 Safari/537.36"
::1 - - [23/Feb/2022:08:16:35 +0000] "GET /js/main.js HTTP/1.1" 304 - "-" "Mozilla/5.0 (Windows NT 10.0; Win64; x64) AppleWebKit/537.36 (KHTML, like Gecko) Chrome/98.0.4758.102 Safari/537.36"
::1 - - [23/Feb/2022:08:16:35 +0000] "GET /images/1645061309395-cas-naf.jpg HTTP/1.1" 200 9075 "-" "Mozilla/5.0 (Windows NT 10.0; Win64; x64) AppleWebKit/537.36 (KHTML, like Gecko) Chrome/98.0.4758.102 Safari/537.36"
::1 - - [23/Feb/2022:08:16:39 +0000] "GET /admin/products HTTP/1.1" 200 - "-" "Mozilla/5.0 (Windows NT 10.0; Win64; x64) AppleWebKit/537.36 (KHTML, like Gecko) Chrome/98.0.4758.102 Safari/537.36"
::1 - - [23/Feb/2022:08:16:39 +0000] "GET /css/main.css HTTP/1.1" 304 - "-" "Mozilla/5.0 (Windows NT 10.0; Win64; x64) AppleWebKit/537.36 (KHTML, like Gecko) Chrome/98.0.4758.102 Safari/537.36"
::1 - - [23/Feb/2022:08:16:39 +0000] "GET /css/product.css HTTP/1.1" 304 - "-" "Mozilla/5.0 (Windows NT 10.0; Win64; x64) AppleWebKit/537.36 (KHTML, like Gecko) Chrome/98.0.4758.102 Safari/537.36"
::1 - - [23/Feb/2022:08:16:39 +0000] "GET /js/main.js HTTP/1.1" 304 - "-" "Mozilla/5.0 (Windows NT 10.0; Win64; x64) AppleWebKit/537.36 (KHTML, like Gecko) Chrome/98.0.4758.102 Safari/537.36"
::1 - - [23/Feb/2022:08:16:39 +0000] "GET /js/product.js HTTP/1.1" 200 483 "-" "Mozilla/5.0 (Windows NT 10.0; Win64; x64) AppleWebKit/537.36 (KHTML, like Gecko) Chrome/98.0.4758.102 Safari/537.36"
::1 - - [23/Feb/2022:08:16:39 +0000] "GET /images/1644596347149-hot-girl-Nam-%C4%90%E1%BB%8Bnh.jpg HTTP/1.1" 304 - "-" "Mozilla/5.0 (Windows NT 10.0; Win64; x64) AppleWebKit/537.36 (KHTML, like Gecko) Chrome/98.0.4758.102 Safari/537.36"
::1 - - [23/Feb/2022:08:16:39 +0000] "GET /images/1644627517719-tumblr_54010f0e224d74828bc79f86e3675e5a_cb1e4b18_1280.jpg HTTP/1.1" 304 - "-" "Mozilla/5.0 (Windows NT 10.0; Win64; x64) AppleWebKit/537.36 (KHTML, like Gecko) Chrome/98.0.4758.102 Safari/537.36"
::1 - - [23/Feb/2022:08:16:42 +0000] "GET /admin/products?page=4 HTTP/1.1" 200 - "-" "Mozilla/5.0 (Windows NT 10.0; Win64; x64) AppleWebKit/537.36 (KHTML, like Gecko) Chrome/98.0.4758.102 Safari/537.36"
::1 - - [23/Feb/2022:08:16:42 +0000] "GET /css/main.css HTTP/1.1" 304 - "-" "Mozilla/5.0 (Windows NT 10.0; Win64; x64) AppleWebKit/537.36 (KHTML, like Gecko) Chrome/98.0.4758.102 Safari/537.36"
::1 - - [23/Feb/2022:08:16:42 +0000] "GET /css/product.css HTTP/1.1" 304 - "-" "Mozilla/5.0 (Windows NT 10.0; Win64; x64) AppleWebKit/537.36 (KHTML, like Gecko) Chrome/98.0.4758.102 Safari/537.36"
::1 - - [23/Feb/2022:08:16:42 +0000] "GET /js/main.js HTTP/1.1" 304 - "-" "Mozilla/5.0 (Windows NT 10.0; Win64; x64) AppleWebKit/537.36 (KHTML, like Gecko) Chrome/98.0.4758.102 Safari/537.36"
::1 - - [23/Feb/2022:08:16:42 +0000] "GET /js/product.js HTTP/1.1" 304 - "-" "Mozilla/5.0 (Windows NT 10.0; Win64; x64) AppleWebKit/537.36 (KHTML, like Gecko) Chrome/98.0.4758.102 Safari/537.36"
::1 - - [23/Feb/2022:08:16:42 +0000] "GET /images/1645061309395-cas-naf.jpg HTTP/1.1" 304 - "-" "Mozilla/5.0 (Windows NT 10.0; Win64; x64) AppleWebKit/537.36 (KHTML, like Gecko) Chrome/98.0.4758.102 Safari/537.36"
::1 - - [23/Feb/2022:08:16:44 +0000] "GET /admin/edit-product/14?editMode=true HTTP/1.1" 200 - "-" "Mozilla/5.0 (Windows NT 10.0; Win64; x64) AppleWebKit/537.36 (KHTML, like Gecko) Chrome/98.0.4758.102 Safari/537.36"
::1 - - [23/Feb/2022:08:16:44 +0000] "GET /css/main.css HTTP/1.1" 304 - "-" "Mozilla/5.0 (Windows NT 10.0; Win64; x64) AppleWebKit/537.36 (KHTML, like Gecko) Chrome/98.0.4758.102 Safari/537.36"
::1 - - [23/Feb/2022:08:16:44 +0000] "GET /css/forms.css HTTP/1.1" 304 - "-" "Mozilla/5.0 (Windows NT 10.0; Win64; x64) AppleWebKit/537.36 (KHTML, like Gecko) Chrome/98.0.4758.102 Safari/537.36"
::1 - - [23/Feb/2022:08:16:44 +0000] "GET /css/product.css HTTP/1.1" 304 - "-" "Mozilla/5.0 (Windows NT 10.0; Win64; x64) AppleWebKit/537.36 (KHTML, like Gecko) Chrome/98.0.4758.102 Safari/537.36"
::1 - - [23/Feb/2022:08:16:44 +0000] "GET /js/main.js HTTP/1.1" 304 - "-" "Mozilla/5.0 (Windows NT 10.0; Win64; x64) AppleWebKit/537.36 (KHTML, like Gecko) Chrome/98.0.4758.102 Safari/537.36"
::1 - - [23/Feb/2022:08:18:04 +0000] "POST /admin/edit-product HTTP/1.1" 302 74 "-" "Mozilla/5.0 (Windows NT 10.0; Win64; x64) AppleWebKit/537.36 (KHTML, like Gecko) Chrome/98.0.4758.102 Safari/537.36"
::1 - - [23/Feb/2022:08:18:04 +0000] "GET /admin/products HTTP/1.1" 200 - "-" "Mozilla/5.0 (Windows NT 10.0; Win64; x64) AppleWebKit/537.36 (KHTML, like Gecko) Chrome/98.0.4758.102 Safari/537.36"
::1 - - [23/Feb/2022:08:18:04 +0000] "GET /css/main.css HTTP/1.1" 304 - "-" "Mozilla/5.0 (Windows NT 10.0; Win64; x64) AppleWebKit/537.36 (KHTML, like Gecko) Chrome/98.0.4758.102 Safari/537.36"
::1 - - [23/Feb/2022:08:18:04 +0000] "GET /css/product.css HTTP/1.1" 304 - "-" "Mozilla/5.0 (Windows NT 10.0; Win64; x64) AppleWebKit/537.36 (KHTML, like Gecko) Chrome/98.0.4758.102 Safari/537.36"
::1 - - [23/Feb/2022:08:18:04 +0000] "GET /js/main.js HTTP/1.1" 304 - "-" "Mozilla/5.0 (Windows NT 10.0; Win64; x64) AppleWebKit/537.36 (KHTML, like Gecko) Chrome/98.0.4758.102 Safari/537.36"
::1 - - [23/Feb/2022:08:18:04 +0000] "GET /js/product.js HTTP/1.1" 304 - "-" "Mozilla/5.0 (Windows NT 10.0; Win64; x64) AppleWebKit/537.36 (KHTML, like Gecko) Chrome/98.0.4758.102 Safari/537.36"
::1 - - [23/Feb/2022:08:18:04 +0000] "GET /images/1644596347149-hot-girl-Nam-%C4%90%E1%BB%8Bnh.jpg HTTP/1.1" 304 - "-" "Mozilla/5.0 (Windows NT 10.0; Win64; x64) AppleWebKit/537.36 (KHTML, like Gecko) Chrome/98.0.4758.102 Safari/537.36"
::1 - - [23/Feb/2022:08:18:04 +0000] "GET /images/1644627517719-tumblr_54010f0e224d74828bc79f86e3675e5a_cb1e4b18_1280.jpg HTTP/1.1" 304 - "-" "Mozilla/5.0 (Windows NT 10.0; Win64; x64) AppleWebKit/537.36 (KHTML, like Gecko) Chrome/98.0.4758.102 Safari/537.36"
::1 - - [23/Feb/2022:08:18:06 +0000] "GET /admin/products?page=4 HTTP/1.1" 200 - "-" "Mozilla/5.0 (Windows NT 10.0; Win64; x64) AppleWebKit/537.36 (KHTML, like Gecko) Chrome/98.0.4758.102 Safari/537.36"
::1 - - [23/Feb/2022:08:18:06 +0000] "GET /css/main.css HTTP/1.1" 304 - "-" "Mozilla/5.0 (Windows NT 10.0; Win64; x64) AppleWebKit/537.36 (KHTML, like Gecko) Chrome/98.0.4758.102 Safari/537.36"
::1 - - [23/Feb/2022:08:18:06 +0000] "GET /css/product.css HTTP/1.1" 304 - "-" "Mozilla/5.0 (Windows NT 10.0; Win64; x64) AppleWebKit/537.36 (KHTML, like Gecko) Chrome/98.0.4758.102 Safari/537.36"
::1 - - [23/Feb/2022:08:18:06 +0000] "GET /js/main.js HTTP/1.1" 304 - "-" "Mozilla/5.0 (Windows NT 10.0; Win64; x64) AppleWebKit/537.36 (KHTML, like Gecko) Chrome/98.0.4758.102 Safari/537.36"
::1 - - [23/Feb/2022:08:18:06 +0000] "GET /js/product.js HTTP/1.1" 304 - "-" "Mozilla/5.0 (Windows NT 10.0; Win64; x64) AppleWebKit/537.36 (KHTML, like Gecko) Chrome/98.0.4758.102 Safari/537.36"
::1 - - [23/Feb/2022:08:18:06 +0000] "GET /images/1645604284364-f8ac_65642840049.jpg HTTP/1.1" 200 343162 "-" "Mozilla/5.0 (Windows NT 10.0; Win64; x64) AppleWebKit/537.36 (KHTML, like Gecko) Chrome/98.0.4758.102 Safari/537.36"
::1 - - [23/Feb/2022:08:18:10 +0000] "GET /admin/add-product HTTP/1.1" 200 - "-" "Mozilla/5.0 (Windows NT 10.0; Win64; x64) AppleWebKit/537.36 (KHTML, like Gecko) Chrome/98.0.4758.102 Safari/537.36"
::1 - - [23/Feb/2022:08:18:10 +0000] "GET /css/main.css HTTP/1.1" 304 - "-" "Mozilla/5.0 (Windows NT 10.0; Win64; x64) AppleWebKit/537.36 (KHTML, like Gecko) Chrome/98.0.4758.102 Safari/537.36"
::1 - - [23/Feb/2022:08:18:10 +0000] "GET /css/forms.css HTTP/1.1" 304 - "-" "Mozilla/5.0 (Windows NT 10.0; Win64; x64) AppleWebKit/537.36 (KHTML, like Gecko) Chrome/98.0.4758.102 Safari/537.36"
::1 - - [23/Feb/2022:08:18:10 +0000] "GET /css/product.css HTTP/1.1" 304 - "-" "Mozilla/5.0 (Windows NT 10.0; Win64; x64) AppleWebKit/537.36 (KHTML, like Gecko) Chrome/98.0.4758.102 Safari/537.36"
::1 - - [23/Feb/2022:08:18:10 +0000] "GET /js/main.js HTTP/1.1" 304 - "-" "Mozilla/5.0 (Windows NT 10.0; Win64; x64) AppleWebKit/537.36 (KHTML, like Gecko) Chrome/98.0.4758.102 Safari/537.36"
::1 - - [23/Feb/2022:08:18:10 +0000] "GET /orders HTTP/1.1" 200 - "-" "Mozilla/5.0 (Windows NT 10.0; Win64; x64) AppleWebKit/537.36 (KHTML, like Gecko) Chrome/98.0.4758.102 Safari/537.36"
::1 - - [23/Feb/2022:08:18:11 +0000] "GET /css/main.css HTTP/1.1" 304 - "-" "Mozilla/5.0 (Windows NT 10.0; Win64; x64) AppleWebKit/537.36 (KHTML, like Gecko) Chrome/98.0.4758.102 Safari/537.36"
::1 - - [23/Feb/2022:08:18:11 +0000] "GET /css/orders.css HTTP/1.1" 200 506 "-" "Mozilla/5.0 (Windows NT 10.0; Win64; x64) AppleWebKit/537.36 (KHTML, like Gecko) Chrome/98.0.4758.102 Safari/537.36"
::1 - - [23/Feb/2022:08:18:11 +0000] "GET /js/main.js HTTP/1.1" 304 - "-" "Mozilla/5.0 (Windows NT 10.0; Win64; x64) AppleWebKit/537.36 (KHTML, like Gecko) Chrome/98.0.4758.102 Safari/537.36"
::1 - - [23/Feb/2022:08:18:12 +0000] "GET / HTTP/1.1" 200 - "-" "Mozilla/5.0 (Windows NT 10.0; Win64; x64) AppleWebKit/537.36 (KHTML, like Gecko) Chrome/98.0.4758.102 Safari/537.36"
::1 - - [23/Feb/2022:08:18:12 +0000] "GET /css/main.css HTTP/1.1" 304 - "-" "Mozilla/5.0 (Windows NT 10.0; Win64; x64) AppleWebKit/537.36 (KHTML, like Gecko) Chrome/98.0.4758.102 Safari/537.36"
::1 - - [23/Feb/2022:08:18:12 +0000] "GET /css/product.css HTTP/1.1" 304 - "-" "Mozilla/5.0 (Windows NT 10.0; Win64; x64) AppleWebKit/537.36 (KHTML, like Gecko) Chrome/98.0.4758.102 Safari/537.36"
::1 - - [23/Feb/2022:08:18:12 +0000] "GET /js/main.js HTTP/1.1" 304 - "-" "Mozilla/5.0 (Windows NT 10.0; Win64; x64) AppleWebKit/537.36 (KHTML, like Gecko) Chrome/98.0.4758.102 Safari/537.36"
::1 - - [23/Feb/2022:08:18:12 +0000] "GET /images/1644596347149-hot-girl-Nam-%C4%90%E1%BB%8Bnh.jpg HTTP/1.1" 304 - "-" "Mozilla/5.0 (Windows NT 10.0; Win64; x64) AppleWebKit/537.36 (KHTML, like Gecko) Chrome/98.0.4758.102 Safari/537.36"
::1 - - [23/Feb/2022:08:18:12 +0000] "GET /images/1644627517719-tumblr_54010f0e224d74828bc79f86e3675e5a_cb1e4b18_1280.jpg HTTP/1.1" 304 - "-" "Mozilla/5.0 (Windows NT 10.0; Win64; x64) AppleWebKit/537.36 (KHTML, like Gecko) Chrome/98.0.4758.102 Safari/537.36"
::1 - - [23/Feb/2022:08:19:18 +0000] "GET /css/product.css HTTP/1.1" 304 - "-" "Mozilla/5.0 (Windows NT 10.0; Win64; x64) AppleWebKit/537.36 (KHTML, like Gecko) Chrome/98.0.4758.102 Safari/537.36"
::1 - - [23/Feb/2022:08:19:18 +0000] "GET /css/main.css HTTP/1.1" 304 - "-" "Mozilla/5.0 (Windows NT 10.0; Win64; x64) AppleWebKit/537.36 (KHTML, like Gecko) Chrome/98.0.4758.102 Safari/537.36"
::1 - - [23/Feb/2022:08:19:23 +0000] "GET / HTTP/1.1" 200 7120 "-" "Mozilla/5.0 (Windows NT 10.0; Win64; x64) AppleWebKit/537.36 (KHTML, like Gecko) Chrome/98.0.4758.102 Safari/537.36"
::1 - - [23/Feb/2022:08:19:23 +0000] "GET /css/main.css HTTP/1.1" 304 - "-" "Mozilla/5.0 (Windows NT 10.0; Win64; x64) AppleWebKit/537.36 (KHTML, like Gecko) Chrome/98.0.4758.102 Safari/537.36"
::1 - - [23/Feb/2022:08:19:23 +0000] "GET /css/product.css HTTP/1.1" 304 - "-" "Mozilla/5.0 (Windows NT 10.0; Win64; x64) AppleWebKit/537.36 (KHTML, like Gecko) Chrome/98.0.4758.102 Safari/537.36"
::1 - - [23/Feb/2022:08:19:23 +0000] "GET /js/main.js HTTP/1.1" 304 - "-" "Mozilla/5.0 (Windows NT 10.0; Win64; x64) AppleWebKit/537.36 (KHTML, like Gecko) Chrome/98.0.4758.102 Safari/537.36"
::1 - - [23/Feb/2022:08:19:23 +0000] "GET /images/1644596347149-hot-girl-Nam-%C4%90%E1%BB%8Bnh.jpg HTTP/1.1" 304 - "-" "Mozilla/5.0 (Windows NT 10.0; Win64; x64) AppleWebKit/537.36 (KHTML, like Gecko) Chrome/98.0.4758.102 Safari/537.36"
::1 - - [23/Feb/2022:08:19:23 +0000] "GET /images/1644627517719-tumblr_54010f0e224d74828bc79f86e3675e5a_cb1e4b18_1280.jpg HTTP/1.1" 304 - "-" "Mozilla/5.0 (Windows NT 10.0; Win64; x64) AppleWebKit/537.36 (KHTML, like Gecko) Chrome/98.0.4758.102 Safari/537.36"
::1 - - [23/Feb/2022:08:19:33 +0000] "GET /?page=2 HTTP/1.1" 200 6923 "-" "Mozilla/5.0 (Windows NT 10.0; Win64; x64) AppleWebKit/537.36 (KHTML, like Gecko) Chrome/98.0.4758.102 Safari/537.36"
::1 - - [23/Feb/2022:08:19:33 +0000] "GET /css/main.css HTTP/1.1" 304 - "-" "Mozilla/5.0 (Windows NT 10.0; Win64; x64) AppleWebKit/537.36 (KHTML, like Gecko) Chrome/98.0.4758.102 Safari/537.36"
::1 - - [23/Feb/2022:08:19:33 +0000] "GET /css/product.css HTTP/1.1" 304 - "-" "Mozilla/5.0 (Windows NT 10.0; Win64; x64) AppleWebKit/537.36 (KHTML, like Gecko) Chrome/98.0.4758.102 Safari/537.36"
::1 - - [23/Feb/2022:08:19:33 +0000] "GET /js/main.js HTTP/1.1" 304 - "-" "Mozilla/5.0 (Windows NT 10.0; Win64; x64) AppleWebKit/537.36 (KHTML, like Gecko) Chrome/98.0.4758.102 Safari/537.36"
::1 - - [23/Feb/2022:08:19:33 +0000] "GET /images/1644634267647-nemo-nguyen.jpg HTTP/1.1" 304 - "-" "Mozilla/5.0 (Windows NT 10.0; Win64; x64) AppleWebKit/537.36 (KHTML, like Gecko) Chrome/98.0.4758.102 Safari/537.36"
::1 - - [23/Feb/2022:08:19:33 +0000] "GET /images/1644628011373-ee09ca256ee805b0640725fe4e8a91c7.jpg HTTP/1.1" 304 - "-" "Mozilla/5.0 (Windows NT 10.0; Win64; x64) AppleWebKit/537.36 (KHTML, like Gecko) Chrome/98.0.4758.102 Safari/537.36"
::1 - - [23/Feb/2022:08:19:51 +0000] "GET /?page=2 HTTP/1.1" 200 - "-" "Mozilla/5.0 (Windows NT 10.0; Win64; x64) AppleWebKit/537.36 (KHTML, like Gecko) Chrome/98.0.4758.102 Safari/537.36"
::1 - - [23/Feb/2022:08:19:51 +0000] "GET /css/main.css HTTP/1.1" 304 - "-" "Mozilla/5.0 (Windows NT 10.0; Win64; x64) AppleWebKit/537.36 (KHTML, like Gecko) Chrome/98.0.4758.102 Safari/537.36"
::1 - - [23/Feb/2022:08:19:51 +0000] "GET /css/product.css HTTP/1.1" 304 - "-" "Mozilla/5.0 (Windows NT 10.0; Win64; x64) AppleWebKit/537.36 (KHTML, like Gecko) Chrome/98.0.4758.102 Safari/537.36"
::1 - - [23/Feb/2022:08:19:51 +0000] "GET /js/main.js HTTP/1.1" 304 - "-" "Mozilla/5.0 (Windows NT 10.0; Win64; x64) AppleWebKit/537.36 (KHTML, like Gecko) Chrome/98.0.4758.102 Safari/537.36"
::1 - - [23/Feb/2022:08:19:51 +0000] "GET /images/1644634267647-nemo-nguyen.jpg HTTP/1.1" 304 - "-" "Mozilla/5.0 (Windows NT 10.0; Win64; x64) AppleWebKit/537.36 (KHTML, like Gecko) Chrome/98.0.4758.102 Safari/537.36"
::1 - - [23/Feb/2022:08:19:51 +0000] "GET /images/1644628011373-ee09ca256ee805b0640725fe4e8a91c7.jpg HTTP/1.1" 304 - "-" "Mozilla/5.0 (Windows NT 10.0; Win64; x64) AppleWebKit/537.36 (KHTML, like Gecko) Chrome/98.0.4758.102 Safari/537.36"
::1 - - [23/Feb/2022:08:20:06 +0000] "POST /logout HTTP/1.1" 302 46 "-" "Mozilla/5.0 (Windows NT 10.0; Win64; x64) AppleWebKit/537.36 (KHTML, like Gecko) Chrome/98.0.4758.102 Safari/537.36"
::1 - - [23/Feb/2022:08:20:06 +0000] "GET / HTTP/1.1" 200 - "-" "Mozilla/5.0 (Windows NT 10.0; Win64; x64) AppleWebKit/537.36 (KHTML, like Gecko) Chrome/98.0.4758.102 Safari/537.36"
::1 - - [23/Feb/2022:08:20:06 +0000] "GET /css/main.css HTTP/1.1" 304 - "-" "Mozilla/5.0 (Windows NT 10.0; Win64; x64) AppleWebKit/537.36 (KHTML, like Gecko) Chrome/98.0.4758.102 Safari/537.36"
::1 - - [23/Feb/2022:08:20:06 +0000] "GET /css/product.css HTTP/1.1" 304 - "-" "Mozilla/5.0 (Windows NT 10.0; Win64; x64) AppleWebKit/537.36 (KHTML, like Gecko) Chrome/98.0.4758.102 Safari/537.36"
::1 - - [23/Feb/2022:08:20:06 +0000] "GET /js/main.js HTTP/1.1" 304 - "-" "Mozilla/5.0 (Windows NT 10.0; Win64; x64) AppleWebKit/537.36 (KHTML, like Gecko) Chrome/98.0.4758.102 Safari/537.36"
::1 - - [23/Feb/2022:08:20:06 +0000] "GET /images/1644596347149-hot-girl-Nam-%C4%90%E1%BB%8Bnh.jpg HTTP/1.1" 304 - "-" "Mozilla/5.0 (Windows NT 10.0; Win64; x64) AppleWebKit/537.36 (KHTML, like Gecko) Chrome/98.0.4758.102 Safari/537.36"
::1 - - [23/Feb/2022:08:20:06 +0000] "GET /images/1644627517719-tumblr_54010f0e224d74828bc79f86e3675e5a_cb1e4b18_1280.jpg HTTP/1.1" 304 - "-" "Mozilla/5.0 (Windows NT 10.0; Win64; x64) AppleWebKit/537.36 (KHTML, like Gecko) Chrome/98.0.4758.102 Safari/537.36"
::1 - - [23/Feb/2022:08:20:10 +0000] "GET / HTTP/1.1" 304 - "-" "Mozilla/5.0 (Windows NT 10.0; Win64; x64) AppleWebKit/537.36 (KHTML, like Gecko) Chrome/98.0.4758.102 Safari/537.36"
::1 - - [23/Feb/2022:08:20:10 +0000] "GET /css/main.css HTTP/1.1" 304 - "-" "Mozilla/5.0 (Windows NT 10.0; Win64; x64) AppleWebKit/537.36 (KHTML, like Gecko) Chrome/98.0.4758.102 Safari/537.36"
::1 - - [23/Feb/2022:08:20:10 +0000] "GET /css/product.css HTTP/1.1" 304 - "-" "Mozilla/5.0 (Windows NT 10.0; Win64; x64) AppleWebKit/537.36 (KHTML, like Gecko) Chrome/98.0.4758.102 Safari/537.36"
::1 - - [23/Feb/2022:08:20:10 +0000] "GET /js/main.js HTTP/1.1" 304 - "-" "Mozilla/5.0 (Windows NT 10.0; Win64; x64) AppleWebKit/537.36 (KHTML, like Gecko) Chrome/98.0.4758.102 Safari/537.36"
::1 - - [23/Feb/2022:08:20:10 +0000] "GET /images/1644596347149-hot-girl-Nam-%C4%90%E1%BB%8Bnh.jpg HTTP/1.1" 304 - "-" "Mozilla/5.0 (Windows NT 10.0; Win64; x64) AppleWebKit/537.36 (KHTML, like Gecko) Chrome/98.0.4758.102 Safari/537.36"
::1 - - [23/Feb/2022:08:20:10 +0000] "GET /images/1644627517719-tumblr_54010f0e224d74828bc79f86e3675e5a_cb1e4b18_1280.jpg HTTP/1.1" 304 - "-" "Mozilla/5.0 (Windows NT 10.0; Win64; x64) AppleWebKit/537.36 (KHTML, like Gecko) Chrome/98.0.4758.102 Safari/537.36"
::1 - - [23/Feb/2022:08:20:15 +0000] "GET /?page=2 HTTP/1.1" 200 - "-" "Mozilla/5.0 (Windows NT 10.0; Win64; x64) AppleWebKit/537.36 (KHTML, like Gecko) Chrome/98.0.4758.102 Safari/537.36"
::1 - - [23/Feb/2022:08:20:15 +0000] "GET /css/main.css HTTP/1.1" 304 - "-" "Mozilla/5.0 (Windows NT 10.0; Win64; x64) AppleWebKit/537.36 (KHTML, like Gecko) Chrome/98.0.4758.102 Safari/537.36"
::1 - - [23/Feb/2022:08:20:15 +0000] "GET /css/product.css HTTP/1.1" 304 - "-" "Mozilla/5.0 (Windows NT 10.0; Win64; x64) AppleWebKit/537.36 (KHTML, like Gecko) Chrome/98.0.4758.102 Safari/537.36"
::1 - - [23/Feb/2022:08:20:15 +0000] "GET /js/main.js HTTP/1.1" 304 - "-" "Mozilla/5.0 (Windows NT 10.0; Win64; x64) AppleWebKit/537.36 (KHTML, like Gecko) Chrome/98.0.4758.102 Safari/537.36"
::1 - - [23/Feb/2022:08:20:15 +0000] "GET /images/1644634267647-nemo-nguyen.jpg HTTP/1.1" 304 - "-" "Mozilla/5.0 (Windows NT 10.0; Win64; x64) AppleWebKit/537.36 (KHTML, like Gecko) Chrome/98.0.4758.102 Safari/537.36"
::1 - - [23/Feb/2022:08:20:15 +0000] "GET /images/1644628011373-ee09ca256ee805b0640725fe4e8a91c7.jpg HTTP/1.1" 304 - "-" "Mozilla/5.0 (Windows NT 10.0; Win64; x64) AppleWebKit/537.36 (KHTML, like Gecko) Chrome/98.0.4758.102 Safari/537.36"
::1 - - [23/Feb/2022:08:20:17 +0000] "GET /?page=3 HTTP/1.1" 200 - "-" "Mozilla/5.0 (Windows NT 10.0; Win64; x64) AppleWebKit/537.36 (KHTML, like Gecko) Chrome/98.0.4758.102 Safari/537.36"
::1 - - [23/Feb/2022:08:20:17 +0000] "GET /css/main.css HTTP/1.1" 304 - "-" "Mozilla/5.0 (Windows NT 10.0; Win64; x64) AppleWebKit/537.36 (KHTML, like Gecko) Chrome/98.0.4758.102 Safari/537.36"
::1 - - [23/Feb/2022:08:20:17 +0000] "GET /css/product.css HTTP/1.1" 304 - "-" "Mozilla/5.0 (Windows NT 10.0; Win64; x64) AppleWebKit/537.36 (KHTML, like Gecko) Chrome/98.0.4758.102 Safari/537.36"
::1 - - [23/Feb/2022:08:20:17 +0000] "GET /js/main.js HTTP/1.1" 304 - "-" "Mozilla/5.0 (Windows NT 10.0; Win64; x64) AppleWebKit/537.36 (KHTML, like Gecko) Chrome/98.0.4758.102 Safari/537.36"
::1 - - [23/Feb/2022:08:20:17 +0000] "GET /images/1644634458270-phanhang.jpg HTTP/1.1" 304 - "-" "Mozilla/5.0 (Windows NT 10.0; Win64; x64) AppleWebKit/537.36 (KHTML, like Gecko) Chrome/98.0.4758.102 Safari/537.36"
::1 - - [23/Feb/2022:08:20:17 +0000] "GET /images/1644900171373-a61.jpg HTTP/1.1" 304 - "-" "Mozilla/5.0 (Windows NT 10.0; Win64; x64) AppleWebKit/537.36 (KHTML, like Gecko) Chrome/98.0.4758.102 Safari/537.36"
::1 - - [23/Feb/2022:08:20:19 +0000] "GET /?page=4 HTTP/1.1" 200 - "-" "Mozilla/5.0 (Windows NT 10.0; Win64; x64) AppleWebKit/537.36 (KHTML, like Gecko) Chrome/98.0.4758.102 Safari/537.36"
::1 - - [23/Feb/2022:08:20:19 +0000] "GET /css/main.css HTTP/1.1" 304 - "-" "Mozilla/5.0 (Windows NT 10.0; Win64; x64) AppleWebKit/537.36 (KHTML, like Gecko) Chrome/98.0.4758.102 Safari/537.36"
::1 - - [23/Feb/2022:08:20:19 +0000] "GET /css/product.css HTTP/1.1" 304 - "-" "Mozilla/5.0 (Windows NT 10.0; Win64; x64) AppleWebKit/537.36 (KHTML, like Gecko) Chrome/98.0.4758.102 Safari/537.36"
::1 - - [23/Feb/2022:08:20:19 +0000] "GET /js/main.js HTTP/1.1" 304 - "-" "Mozilla/5.0 (Windows NT 10.0; Win64; x64) AppleWebKit/537.36 (KHTML, like Gecko) Chrome/98.0.4758.102 Safari/537.36"
::1 - - [23/Feb/2022:08:20:19 +0000] "GET /images/1645604284364-f8ac_65642840049.jpg HTTP/1.1" 304 - "-" "Mozilla/5.0 (Windows NT 10.0; Win64; x64) AppleWebKit/537.36 (KHTML, like Gecko) Chrome/98.0.4758.102 Safari/537.36"
::1 - - [23/Feb/2022:09:56:00 +0000] "GET / HTTP/1.1" 200 - "-" "Mozilla/5.0 (Windows NT 10.0; Win64; x64) AppleWebKit/537.36 (KHTML, like Gecko) Chrome/98.0.4758.102 Safari/537.36"
::1 - - [23/Feb/2022:09:56:01 +0000] "GET /css/product.css HTTP/1.1" 304 - "-" "Mozilla/5.0 (Windows NT 10.0; Win64; x64) AppleWebKit/537.36 (KHTML, like Gecko) Chrome/98.0.4758.102 Safari/537.36"
::1 - - [23/Feb/2022:09:56:01 +0000] "GET /css/main.css HTTP/1.1" 200 - "-" "Mozilla/5.0 (Windows NT 10.0; Win64; x64) AppleWebKit/537.36 (KHTML, like Gecko) Chrome/98.0.4758.102 Safari/537.36"
::1 - - [23/Feb/2022:09:56:01 +0000] "GET /js/main.js HTTP/1.1" 304 - "-" "Mozilla/5.0 (Windows NT 10.0; Win64; x64) AppleWebKit/537.36 (KHTML, like Gecko) Chrome/98.0.4758.102 Safari/537.36"
::1 - - [23/Feb/2022:09:56:01 +0000] "GET /images/1644596347149-hot-girl-Nam-%C4%90%E1%BB%8Bnh.jpg HTTP/1.1" 304 - "-" "Mozilla/5.0 (Windows NT 10.0; Win64; x64) AppleWebKit/537.36 (KHTML, like Gecko) Chrome/98.0.4758.102 Safari/537.36"
::1 - - [23/Feb/2022:09:56:01 +0000] "GET /images/1644627517719-tumblr_54010f0e224d74828bc79f86e3675e5a_cb1e4b18_1280.jpg HTTP/1.1" 304 - "-" "Mozilla/5.0 (Windows NT 10.0; Win64; x64) AppleWebKit/537.36 (KHTML, like Gecko) Chrome/98.0.4758.102 Safari/537.36"
::1 - - [23/Feb/2022:09:56:15 +0000] "GET /dDad HTTP/1.1" 404 - "-" "Mozilla/5.0 (Windows NT 10.0; Win64; x64) AppleWebKit/537.36 (KHTML, like Gecko) Chrome/98.0.4758.102 Safari/537.36"
::1 - - [23/Feb/2022:09:56:15 +0000] "GET /css/main.css HTTP/1.1" 304 - "-" "Mozilla/5.0 (Windows NT 10.0; Win64; x64) AppleWebKit/537.36 (KHTML, like Gecko) Chrome/98.0.4758.102 Safari/537.36"
::1 - - [23/Feb/2022:09:56:15 +0000] "GET /js/main.js HTTP/1.1" 304 - "-" "Mozilla/5.0 (Windows NT 10.0; Win64; x64) AppleWebKit/537.36 (KHTML, like Gecko) Chrome/98.0.4758.102 Safari/537.36"
::1 - - [23/Feb/2022:09:56:24 +0000] "GET /cart HTTP/1.1" 302 56 "-" "Mozilla/5.0 (Windows NT 10.0; Win64; x64) AppleWebKit/537.36 (KHTML, like Gecko) Chrome/98.0.4758.102 Safari/537.36"
::1 - - [23/Feb/2022:09:56:24 +0000] "GET /login HTTP/1.1" 200 - "-" "Mozilla/5.0 (Windows NT 10.0; Win64; x64) AppleWebKit/537.36 (KHTML, like Gecko) Chrome/98.0.4758.102 Safari/537.36"
::1 - - [23/Feb/2022:09:56:24 +0000] "GET /css/main.css HTTP/1.1" 304 - "-" "Mozilla/5.0 (Windows NT 10.0; Win64; x64) AppleWebKit/537.36 (KHTML, like Gecko) Chrome/98.0.4758.102 Safari/537.36"
::1 - - [23/Feb/2022:09:56:24 +0000] "GET /css/forms.css HTTP/1.1" 304 - "-" "Mozilla/5.0 (Windows NT 10.0; Win64; x64) AppleWebKit/537.36 (KHTML, like Gecko) Chrome/98.0.4758.102 Safari/537.36"
::1 - - [23/Feb/2022:09:56:24 +0000] "GET /css/auth.css HTTP/1.1" 304 - "-" "Mozilla/5.0 (Windows NT 10.0; Win64; x64) AppleWebKit/537.36 (KHTML, like Gecko) Chrome/98.0.4758.102 Safari/537.36"
::1 - - [23/Feb/2022:09:56:24 +0000] "GET /js/main.js HTTP/1.1" 304 - "-" "Mozilla/5.0 (Windows NT 10.0; Win64; x64) AppleWebKit/537.36 (KHTML, like Gecko) Chrome/98.0.4758.102 Safari/537.36"
::1 - - [23/Feb/2022:09:56:34 +0000] "POST /login HTTP/1.1" 200 - "-" "Mozilla/5.0 (Windows NT 10.0; Win64; x64) AppleWebKit/537.36 (KHTML, like Gecko) Chrome/98.0.4758.102 Safari/537.36"
::1 - - [23/Feb/2022:09:56:34 +0000] "GET /css/main.css HTTP/1.1" 304 - "-" "Mozilla/5.0 (Windows NT 10.0; Win64; x64) AppleWebKit/537.36 (KHTML, like Gecko) Chrome/98.0.4758.102 Safari/537.36"
::1 - - [23/Feb/2022:09:56:34 +0000] "GET /css/auth.css HTTP/1.1" 304 - "-" "Mozilla/5.0 (Windows NT 10.0; Win64; x64) AppleWebKit/537.36 (KHTML, like Gecko) Chrome/98.0.4758.102 Safari/537.36"
::1 - - [23/Feb/2022:09:56:34 +0000] "GET /js/main.js HTTP/1.1" 304 - "-" "Mozilla/5.0 (Windows NT 10.0; Win64; x64) AppleWebKit/537.36 (KHTML, like Gecko) Chrome/98.0.4758.102 Safari/537.36"
::1 - - [23/Feb/2022:09:56:34 +0000] "GET /css/forms.css HTTP/1.1" 304 - "-" "Mozilla/5.0 (Windows NT 10.0; Win64; x64) AppleWebKit/537.36 (KHTML, like Gecko) Chrome/98.0.4758.102 Safari/537.36"
::1 - - [23/Feb/2022:09:56:40 +0000] "POST /login HTTP/1.1" 302 46 "-" "Mozilla/5.0 (Windows NT 10.0; Win64; x64) AppleWebKit/537.36 (KHTML, like Gecko) Chrome/98.0.4758.102 Safari/537.36"
::1 - - [23/Feb/2022:09:56:40 +0000] "GET / HTTP/1.1" 200 - "-" "Mozilla/5.0 (Windows NT 10.0; Win64; x64) AppleWebKit/537.36 (KHTML, like Gecko) Chrome/98.0.4758.102 Safari/537.36"
::1 - - [23/Feb/2022:09:56:40 +0000] "GET /css/main.css HTTP/1.1" 304 - "-" "Mozilla/5.0 (Windows NT 10.0; Win64; x64) AppleWebKit/537.36 (KHTML, like Gecko) Chrome/98.0.4758.102 Safari/537.36"
::1 - - [23/Feb/2022:09:56:40 +0000] "GET /css/product.css HTTP/1.1" 304 - "-" "Mozilla/5.0 (Windows NT 10.0; Win64; x64) AppleWebKit/537.36 (KHTML, like Gecko) Chrome/98.0.4758.102 Safari/537.36"
::1 - - [23/Feb/2022:09:56:40 +0000] "GET /js/main.js HTTP/1.1" 304 - "-" "Mozilla/5.0 (Windows NT 10.0; Win64; x64) AppleWebKit/537.36 (KHTML, like Gecko) Chrome/98.0.4758.102 Safari/537.36"
::1 - - [23/Feb/2022:09:56:40 +0000] "GET /images/1644596347149-hot-girl-Nam-%C4%90%E1%BB%8Bnh.jpg HTTP/1.1" 304 - "-" "Mozilla/5.0 (Windows NT 10.0; Win64; x64) AppleWebKit/537.36 (KHTML, like Gecko) Chrome/98.0.4758.102 Safari/537.36"
::1 - - [23/Feb/2022:09:56:40 +0000] "GET /images/1644627517719-tumblr_54010f0e224d74828bc79f86e3675e5a_cb1e4b18_1280.jpg HTTP/1.1" 304 - "-" "Mozilla/5.0 (Windows NT 10.0; Win64; x64) AppleWebKit/537.36 (KHTML, like Gecko) Chrome/98.0.4758.102 Safari/537.36"
